#
# A fatal error has been detected by the Java Runtime Environment:
#
#  SIGBUS (0xa) at pc=0x0000000104f5deb9, pid=63796, tid=3123
#
# JRE version: Java(TM) SE Runtime Environment (8.0_45-b14) (build 1.8.0_45-b14)
# Java VM: Java HotSpot(TM) 64-Bit Server VM (25.45-b02 mixed mode bsd-amd64 compressed oops)
# Problematic frame:
# C  [libzip.dylib+0x2eb9]  newEntry+0x154
#
# Failed to write core dump. Core dumps have been disabled. To enable core dumping, try "ulimit -c unlimited" before starting Java again
#
# If you would like to submit a bug report, please visit:
#   http://bugreport.java.com/bugreport/crash.jsp
# The crash happened outside the Java Virtual Machine in native code.
# See problematic frame for where to report the bug.
#

---------------  T H R E A D  ---------------

Current thread (0x00007f8f1b078800):  JavaThread "ForkJoinPool-1-worker-2" daemon [_thread_in_native, id=3123, stack(0x0000700001604000,0x0000700001704000)]

siginfo: si_signo: 10 (SIGBUS), si_code: 2 (BUS_ADRERR), si_addr: 0x000000011531a76a

Registers:
RAX=0x00007f8f1d6ab0b0, RBX=0x000000011531a75e, RCX=0x0000000000000200, RDX=0x0000000000000000
RSP=0x0000700001701330, RBP=0x0000700001701390, RSI=0x00007f8f24500000, RDI=0x0000000103ca1e00
R8 =0x0000000000000004, R9 =0x00000000ffffffe0, R10=0x0000000105958f58, R11=0x00006ff853a3743e
R12=0x00007f8f1d6ab270, R13=0x00000000000001c0, R14=0x00000000211167d6, R15=0x00007f8f247025e0
RIP=0x0000000104f5deb9, EFLAGS=0x0000000000010202, ERR=0x0000000000000004
  TRAPNO=0x000000000000000e

Top of Stack: (sp=0x0000700001701330)
0x0000700001701330:   0000700001701350 00000000044d9c5d
0x0000700001701340:   00007f8f21591d10 0000000000000000
0x0000700001701350:   0000700001701370 00007f8f1d6ab0b0
0x0000700001701360:   00007f8f24521200 00007f8f1d6ab0b0
0x0000700001701370:   00007f8f1d6ab270 00000000000001c0
0x0000700001701380:   00000000211167d6 00007f8f247025e0
0x0000700001701390:   00007000017013f0 0000000104f5e554
0x00007000017013a0:   0000700001701440 000070000170143f
0x00007000017013b0:   0000003000000000 0000003101078800
0x00007000017013c0:   000070000170140e 0000700001701858
0x00007000017013d0:   0000000000000031 000070000170140e
0x00007000017013e0:   00007f8f1d6ab0b0 00007f8f1b0789f8
0x00007000017013f0:   0000700001701840 0000000104f5d34f
0x0000700001701400:   0000000000001400 6f63000100000001
0x0000700001701410:   79626e6174732f6d 702f65636172742f
0x0000700001701420:   6f6d2f353279616c 70695a2f656c7564
0x0000700001701430:   6c75646f4d6e696b 007373616c632e65
0x0000700001701440:   0000000000001000 0000000000000000
0x0000700001701450:   ff80000000001002 0000000103cb8e00
0x0000700001701460:   ff80000000001002 000000000000ffff
0x0000700001701470:   0000000000000000 0000000000000000
0x0000700001701480:   0000000000000000 00007f8f241f1d50
0x0000700001701490:   0000000103c9d000 0000000000000b10
0x00007000017014a0:   00007000017014d0 00007fff965975a1
0x00007000017014b0:   0000000103ccd000 0000000000000b10
0x00007000017014c0:   0000000000000006 0000000000000b10
0x00007000017014d0:   00007000017014f0 00007fff965960cc
0x00007000017014e0:   0000000000000000 0000700001701548
0x00007000017014f0:   0000700001701530 00000001043baff8
0x0000700001701500:   000000000000000c 0000000000000000
0x0000700001701510:   000000000000000c 00007f8f241f1d50
0x0000700001701520:   0000000000000006 0000000000000000 

Instructions: (pc=0x0000000104f5deb9)
0x0000000104f5de99:   49 8b 7f 38 e8 50 1b 00 00 4d 89 77 38 49 89 5f
0x0000000104f5dea9:   40 4c 89 f0 48 85 c0 0f 84 11 05 00 00 48 89 c3
0x0000000104f5deb9:   0f b6 43 0c 0f b6 4b 0d 48 c1 e1 08 48 01 c1 0f
0x0000000104f5dec9:   b6 43 0e 0f b6 53 0f 48 c1 e2 08 48 01 c2 48 c1 

Register to memory mapping:

RAX=0x00007f8f1d6ab0b0 is an unknown value
RBX=0x000000011531a75e is an unknown value
RCX=0x0000000000000200 is an unknown value
RDX=0x0000000000000000 is an unknown value
RSP=0x0000700001701330 is pointing into the stack for thread: 0x00007f8f1b078800
RBP=0x0000700001701390 is pointing into the stack for thread: 0x00007f8f1b078800
RSI=0x00007f8f24500000 is an unknown value
RDI=0x0000000103ca1e00 is an unknown value
R8 =0x0000000000000004 is an unknown value
R9 =0x00000000ffffffe0 is an unknown value
R10=0x0000000105958f58 is at entry_point+88 in (nmethod*)0x0000000105958d90
R11=0x00006ff853a3743e is an unknown value
R12=0x00007f8f1d6ab270 is an unknown value
R13=0x00000000000001c0 is an unknown value
R14=0x00000000211167d6 is an unknown value
R15=0x00007f8f247025e0 is an unknown value


Stack: [0x0000700001604000,0x0000700001704000],  sp=0x0000700001701330,  free space=1012k
Native frames: (J=compiled Java code, j=interpreted, Vv=VM code, C=native code)
C  [libzip.dylib+0x2eb9]  newEntry+0x154
C  [libzip.dylib+0x3554]  ZIP_GetEntry2+0xd4
C  [libzip.dylib+0x234f]  Java_java_util_zip_ZipFile_getEntry+0xcf
J 159  java.util.zip.ZipFile.getEntry(J[BZ)J (0 bytes) @ 0x0000000105958fce [0x0000000105958f00+0xce]
J 6821 C2 java.util.jar.JarFile.getEntry(Ljava/lang/String;)Ljava/util/zip/ZipEntry; (22 bytes) @ 0x00000001059d6ae8 [0x00000001059d6760+0x388]

Java frames: (J=compiled Java code, j=interpreted, Vv=VM code)
J 159  java.util.zip.ZipFile.getEntry(J[BZ)J (0 bytes) @ 0x0000000105958f58 [0x0000000105958f00+0x58]
J 6821 C2 java.util.jar.JarFile.getEntry(Ljava/lang/String;)Ljava/util/zip/ZipEntry; (22 bytes) @ 0x00000001059d6ae8 [0x00000001059d6760+0x388]
J 2238 C2 sun.misc.URLClassPath$JarLoader.getResource(Ljava/lang/String;Z)Lsun/misc/Resource; (85 bytes) @ 0x000000010594aeb4 [0x000000010594ade0+0xd4]
J 2335 C2 sun.misc.URLClassPath.getResource(Ljava/lang/String;Z)Lsun/misc/Resource; (83 bytes) @ 0x0000000105ff65b8 [0x0000000105ff64c0+0xf8]
J 15559 C1 java.net.URLClassLoader$1.run()Ljava/lang/Class; (63 bytes) @ 0x0000000105a0b3b4 [0x0000000105a0b1a0+0x214]
J 16245 C1 java.net.URLClassLoader$1.run()Ljava/lang/Object; (5 bytes) @ 0x000000010711486c [0x0000000107114800+0x6c]
v  ~StubRoutines::call_stub
J 166  java.security.AccessController.doPrivileged(Ljava/security/PrivilegedExceptionAction;Ljava/security/AccessControlContext;)Ljava/lang/Object; (0 bytes) @ 0x000000010595b023 [0x000000010595afc0+0x63]
J 7423 C2 java.net.URLClassLoader.findClass(Ljava/lang/String;)Ljava/lang/Class; (47 bytes) @ 0x000000010672c250 [0x000000010672c1a0+0xb0]
j  java.lang.ClassLoader.loadClass(Ljava/lang/String;Z)Ljava/lang/Class;+70
J 7420 C2 java.lang.ClassLoader.loadClass(Ljava/lang/String;Z)Ljava/lang/Class; (122 bytes) @ 0x000000010672fb3c [0x000000010672f840+0x2fc]
J 7420 C2 java.lang.ClassLoader.loadClass(Ljava/lang/String;Z)Ljava/lang/Class; (122 bytes) @ 0x000000010672fb3c [0x000000010672f840+0x2fc]
J 5346 C2 java.lang.ClassLoader.loadClass(Ljava/lang/String;)Ljava/lang/Class; (7 bytes) @ 0x0000000106335364 [0x0000000106335320+0x44]
j  play.api.inject.Modules$$anonfun$locate$1$$anonfun$apply$1.apply()Ljava/lang/Class;+14
j  play.api.inject.Modules$$anonfun$locate$1$$anonfun$apply$1.apply()Ljava/lang/Object;+1
j  play.api.inject.Modules$.play$api$inject$Modules$$constructModule(Lplay/api/Environment;Lplay/api/Configuration;Ljava/lang/String;Lscala/Function0;)Ljava/lang/Object;+2
j  play.api.inject.Modules$$anonfun$locate$1.apply(Ljava/lang/String;)Ljava/lang/Object;+21
j  play.api.inject.Modules$$anonfun$locate$1.apply(Ljava/lang/Object;)Ljava/lang/Object;+5
J 13763 C1 scala.collection.TraversableLike$$anonfun$map$1.apply(Ljava/lang/Object;)Ljava/lang/Object; (6 bytes) @ 0x0000000106f917cc [0x0000000106f915e0+0x1ec]
j  scala.collection.immutable.HashSet$HashSet1.foreach(Lscala/Function1;)V+5
j  scala.collection.immutable.HashSet$HashTrieSet.foreach(Lscala/Function1;)V+18
j  scala.collection.TraversableLike$class.map(Lscala/collection/TraversableLike;Lscala/Function1;Lscala/collection/generic/CanBuildFrom;)Ljava/lang/Object;+17
j  scala.collection.AbstractSet.scala$collection$SetLike$$super$map(Lscala/Function1;Lscala/collection/generic/CanBuildFrom;)Ljava/lang/Object;+3
j  scala.collection.SetLike$class.map(Lscala/collection/SetLike;Lscala/Function1;Lscala/collection/generic/CanBuildFrom;)Ljava/lang/Object;+3
j  scala.collection.AbstractSet.map(Lscala/Function1;Lscala/collection/generic/CanBuildFrom;)Ljava/lang/Object;+3
j  play.api.inject.Modules$.locate(Lplay/api/Environment;Lplay/api/Configuration;)Lscala/collection/Seq;+145
j  play.api.inject.guice.GuiceableModule$.loadModules(Lplay/api/Environment;Lplay/api/Configuration;)Lscala/collection/Seq;+5
j  play.api.inject.guice.GuiceApplicationBuilder$$anonfun$$lessinit$greater$default$10$1.apply(Lplay/api/Environment;Lplay/api/Configuration;)Lscala/collection/Seq;+5
j  play.api.inject.guice.GuiceApplicationBuilder$$anonfun$$lessinit$greater$default$10$1.apply(Ljava/lang/Object;Ljava/lang/Object;)Ljava/lang/Object;+9
j  play.api.inject.guice.GuiceApplicationBuilder.applicationModule()Lcom/google/inject/Module;+101
j  play.api.inject.guice.GuiceBuilder.injector()Lplay/api/inject/Injector;+81
j  play.api.inject.guice.GuiceApplicationBuilder.build()Lplay/api/Application;+1
j  play.api.inject.guice.GuiceApplicationLoader.load(Lplay/api/ApplicationLoader$Context;)Lplay/api/Application;+5
j  play.core.server.DevServerStart$$anonfun$mainDev$1$$anon$1$$anonfun$get$1$$anonfun$apply$1$$anonfun$1$$anonfun$2.apply()Lplay/api/Application;+79
j  play.core.server.DevServerStart$$anonfun$mainDev$1$$anon$1$$anonfun$get$1$$anonfun$apply$1$$anonfun$1$$anonfun$2.apply()Ljava/lang/Object;+1
j  play.utils.Threads$.withContextClassLoader(Ljava/lang/ClassLoader;Lscala/Function0;)Ljava/lang/Object;+16
j  play.core.server.DevServerStart$$anonfun$mainDev$1$$anon$1$$anonfun$get$1$$anonfun$apply$1$$anonfun$1.apply(Ljava/lang/ClassLoader;)Lscala/util/Try;+193
j  play.core.server.DevServerStart$$anonfun$mainDev$1$$anon$1$$anonfun$get$1$$anonfun$apply$1$$anonfun$1.apply(Ljava/lang/Object;)Ljava/lang/Object;+5
j  scala.Option.map(Lscala/Function1;)Lscala/Option;+22
j  play.core.server.DevServerStart$$anonfun$mainDev$1$$anon$1$$anonfun$get$1$$anonfun$apply$1.apply(Lscala/Option;)Lscala/util/Try;+9
j  play.core.server.DevServerStart$$anonfun$mainDev$1$$anon$1$$anonfun$get$1$$anonfun$apply$1.apply(Ljava/lang/Object;)Ljava/lang/Object;+5
j  scala.util.Success.flatMap(Lscala/Function1;)Lscala/util/Try;+5
j  play.core.server.DevServerStart$$anonfun$mainDev$1$$anon$1$$anonfun$get$1.apply()Lscala/util/Try;+131
j  play.core.server.DevServerStart$$anonfun$mainDev$1$$anon$1$$anonfun$get$1.apply()Ljava/lang/Object;+1
j  scala.concurrent.impl.Future$PromiseCompletingRunnable.liftedTree1$1()Lscala/util/Try;+8
j  scala.concurrent.impl.Future$PromiseCompletingRunnable.run()V+5
j  java.util.concurrent.ForkJoinTask$RunnableExecuteAction.exec()Z+4
j  java.util.concurrent.ForkJoinTask.doExec()I+10
j  java.util.concurrent.ForkJoinPool$WorkQueue.runTask(Ljava/util/concurrent/ForkJoinTask;)V+21
j  java.util.concurrent.ForkJoinPool.runWorker(Ljava/util/concurrent/ForkJoinPool$WorkQueue;)V+35
j  java.util.concurrent.ForkJoinWorkerThread.run()V+24
v  ~StubRoutines::call_stub

---------------  P R O C E S S  ---------------

Java Threads: ( => current thread )
=>0x00007f8f1b078800 JavaThread "ForkJoinPool-1-worker-2" daemon [_thread_in_native, id=3123, stack(0x0000700001604000,0x0000700001704000)]
  0x00007f8f2360a000 JavaThread "netty-event-loop-4" [_thread_blocked, id=23563, stack(0x00007000013fe000,0x00007000014fe000)]
  0x00007f8f226df800 JavaThread "netty-event-loop-3" [_thread_in_native, id=20823, stack(0x00007000012fb000,0x00007000013fb000)]
  0x00007f8f23486000 JavaThread "netty-event-loop-2" [_thread_in_native, id=29443, stack(0x0000700001f1f000,0x000070000201f000)]
  0x00007f8f2145e000 JavaThread "play-dev-mode-akka.actor.default-dispatcher-2" [_thread_blocked, id=27907, stack(0x0000700001c16000,0x0000700001d16000)]
  0x00007f8f1cada800 JavaThread "play-dev-mode-scheduler-1" [_thread_blocked, id=27395, stack(0x0000700001b13000,0x0000700001c13000)]
  0x00007f8f23021000 JavaThread "FSEvent thread" daemon [_thread_in_native, id=24067, stack(0x0000700001a10000,0x0000700001b10000)]
  0x00007f8f23c1b000 JavaThread "pool-6-thread-3" [_thread_in_native, id=23043, stack(0x000070000180a000,0x000070000190a000)]
  0x00007f8f22189800 JavaThread "sbt-web-akka.actor.default-dispatcher-4" [_thread_blocked, id=22035, stack(0x0000700001501000,0x0000700001601000)]
  0x00007f8f2175c000 JavaThread "sbt-web-scheduler-1" [_thread_blocked, id=21271, stack(0x00007000011f8000,0x00007000012f8000)]
  0x00007f8f1b033000 JavaThread "Service Thread" daemon [_thread_blocked, id=19459, stack(0x0000700000fc7000,0x00007000010c7000)]
  0x00007f8f1b032800 JavaThread "C1 CompilerThread2" daemon [_thread_blocked, id=18947, stack(0x0000700000ec4000,0x0000700000fc4000)]
  0x00007f8f1b02e800 JavaThread "C2 CompilerThread1" daemon [_thread_blocked, id=18435, stack(0x0000700000dc1000,0x0000700000ec1000)]
  0x00007f8f1c017800 JavaThread "C2 CompilerThread0" daemon [_thread_blocked, id=17923, stack(0x0000700000cbe000,0x0000700000dbe000)]
  0x00007f8f1c846800 JavaThread "JDWP Event Helper Thread" daemon [_thread_blocked, id=17411, stack(0x0000700000bbb000,0x0000700000cbb000)]
  0x00007f8f1b836800 JavaThread "JDWP Transport Listener: dt_socket" daemon [_thread_in_native, id=16899, stack(0x0000700000ab8000,0x0000700000bb8000)]
  0x00007f8f1b02e000 JavaThread "Signal Dispatcher" daemon [_thread_blocked, id=13839, stack(0x00007000009b5000,0x0000700000ab5000)]
  0x00007f8f1b832000 JavaThread "Finalizer" daemon [_thread_blocked, id=12291, stack(0x000070000082f000,0x000070000092f000)]
  0x00007f8f1b022800 JavaThread "Reference Handler" daemon [_thread_blocked, id=11779, stack(0x000070000072c000,0x000070000082c000)]
  0x00007f8f1b806000 JavaThread "main" [_thread_blocked, id=4871, stack(0x0000700000084000,0x0000700000184000)]

Other Threads:
  0x00007f8f1b005000 VMThread [stack: 0x0000700000629000,0x0000700000729000] [id=11267]
  0x00007f8f1c018800 WatcherThread [stack: 0x00007000010ca000,0x00007000011ca000] [id=19971]

VM state:not at safepoint (normal execution)

VM Mutex/Monitor currently owned by a thread: None

Heap:
 PSYoungGen      total 290304K, used 50988K [0x00000007aab00000, 0x00000007c0000000, 0x00000007c0000000)
  eden space 232960K, 21% used [0x00000007aab00000,0x00000007adccb3c0,0x00000007b8e80000)
  from space 57344K, 0% used [0x00000007b8e80000,0x00000007b8e80000,0x00000007bc680000)
  to   space 57856K, 0% used [0x00000007bc780000,0x00000007bc780000,0x00000007c0000000)
 ParOldGen       total 699392K, used 49802K [0x0000000780000000, 0x00000007aab00000, 0x00000007aab00000)
  object space 699392K, 7% used [0x0000000780000000,0x00000007830a2af0,0x00000007aab00000)
 Metaspace       used 112325K, capacity 113107K, committed 126208K, reserved 1153024K
  class space    used 18729K, capacity 18951K, committed 22784K, reserved 1048576K

Card table byte_map: [0x000000010da00000,0x000000010dc01000] byte_map_base: 0x0000000109e00000

Marking Bits: (ParMarkBitMap*) 0x00000001048147a0
 Begin Bits: [0x000000010dd57000, 0x000000010ed57000)
 End Bits:   [0x000000010ed57000, 0x000000010fd57000)

Polling page: 0x0000000104efe000

CodeCache: size=131072Kb used=35638Kb max_used=42819Kb free=95434Kb
 bounds [0x0000000105800000, 0x0000000108230000, 0x000000010d800000]
 total_blobs=14038 nmethods=13467 adapters=485
 compilation: enabled

Compilation events (10 events):
Event: 28971.395 Thread 0x00007f8f1b032800 19603       3       java.lang.CharacterDataLatin1::getPropertiesEx (11 bytes)
Event: 28971.395 Thread 0x00007f8f1b032800 nmethod 19603 0x0000000105a59d90 code [0x0000000105a59f00, 0x0000000105a5a090]
Event: 28971.395 Thread 0x00007f8f1b032800 19605       3       ch.qos.logback.core.joran.spi.ElementSelector::fullPathMatch (52 bytes)
Event: 28971.395 Thread 0x00007f8f1b02e800 19606       4       java.lang.Class$MethodArray::matchesNameAndDescriptor (42 bytes)
Event: 28971.397 Thread 0x00007f8f1b032800 nmethod 19605 0x0000000106912810 code [0x0000000106912a80, 0x0000000106913a88]
Event: 28971.399 Thread 0x00007f8f1b032800 19604       3       java.lang.Character::isUpperCase (25 bytes)
Event: 28971.399 Thread 0x00007f8f1b032800 nmethod 19604 0x0000000105e3a7d0 code [0x0000000105e3a980, 0x0000000105e3ad98]
Event: 28971.401 Thread 0x00007f8f1b02e800 nmethod 19606 0x00000001064fe2d0 code [0x00000001064fe440, 0x00000001064fe808]
Event: 28971.401 Thread 0x00007f8f1b032800 19607       3       ch.qos.logback.core.subst.Tokenizer::handleLiteralState (121 bytes)
Event: 28971.402 Thread 0x00007f8f1b032800 nmethod 19607 0x000000010677bc50 code [0x000000010677bfe0, 0x000000010677e128]

GC Heap History (10 events):
Event: 28965.533 GC heap before
{Heap before GC invocations=22 (full 7):
 PSYoungGen      total 289792K, used 246336K [0x00000007aab00000, 0x00000007c0000000, 0x00000007c0000000)
  eden space 227840K, 100% used [0x00000007aab00000,0x00000007b8980000,0x00000007b8980000)
  from space 61952K, 29% used [0x00000007bc380000,0x00000007bd590350,0x00000007c0000000)
  to   space 59392K, 0% used [0x00000007b8980000,0x00000007b8980000,0x00000007bc380000)
 ParOldGen       total 699392K, used 54819K [0x0000000780000000, 0x00000007aab00000, 0x00000007aab00000)
  object space 699392K, 7% used [0x0000000780000000,0x0000000783588c38,0x00000007aab00000)
 Metaspace       used 125516K, capacity 126448K, committed 126720K, reserved 1155072K
  class space    used 21124K, capacity 21428K, committed 21504K, reserved 1048576K
Event: 28965.571 GC heap after
Heap after GC invocations=22 (full 7):
 PSYoungGen      total 287232K, used 32368K [0x00000007aab00000, 0x00000007c0000000, 0x00000007c0000000)
  eden space 227840K, 0% used [0x00000007aab00000,0x00000007aab00000,0x00000007b8980000)
  from space 59392K, 54% used [0x00000007b8980000,0x00000007ba91c0c0,0x00000007bc380000)
  to   space 58880K, 0% used [0x00000007bc680000,0x00000007bc680000,0x00000007c0000000)
 ParOldGen       total 699392K, used 61562K [0x0000000780000000, 0x00000007aab00000, 0x00000007aab00000)
  object space 699392K, 8% used [0x0000000780000000,0x0000000783c1ea40,0x00000007aab00000)
 Metaspace       used 125516K, capacity 126448K, committed 126720K, reserved 1155072K
  class space    used 21124K, capacity 21428K, committed 21504K, reserved 1048576K
}
Event: 28970.007 GC heap before
{Heap before GC invocations=23 (full 7):
 PSYoungGen      total 287232K, used 192780K [0x00000007aab00000, 0x00000007c0000000, 0x00000007c0000000)
  eden space 227840K, 70% used [0x00000007aab00000,0x00000007b47a7138,0x00000007b8980000)
  from space 59392K, 54% used [0x00000007b8980000,0x00000007ba91c0c0,0x00000007bc380000)
  to   space 58880K, 0% used [0x00000007bc680000,0x00000007bc680000,0x00000007c0000000)
 ParOldGen       total 699392K, used 61562K [0x0000000780000000, 0x00000007aab00000, 0x00000007aab00000)
  object space 699392K, 8% used [0x0000000780000000,0x0000000783c1ea40,0x00000007aab00000)
 Metaspace       used 135020K, capacity 135918K, committed 136448K, reserved 1163264K
  class space    used 22468K, capacity 22745K, committed 22784K, reserved 1048576K
Event: 28970.026 GC heap after
Heap after GC invocations=23 (full 7):
 PSYoungGen      total 291840K, used 13740K [0x00000007aab00000, 0x00000007c0000000, 0x00000007c0000000)
  eden space 232960K, 0% used [0x00000007aab00000,0x00000007aab00000,0x00000007b8e80000)
  from space 58880K, 23% used [0x00000007bc680000,0x00000007bd3eb3b0,0x00000007c0000000)
  to   space 57344K, 0% used [0x00000007b8e80000,0x00000007b8e80000,0x00000007bc680000)
 ParOldGen       total 699392K, used 62736K [0x0000000780000000, 0x00000007aab00000, 0x00000007aab00000)
  object space 699392K, 8% used [0x0000000780000000,0x0000000783d44020,0x00000007aab00000)
 Metaspace       used 135020K, capacity 135918K, committed 136448K, reserved 1163264K
  class space    used 22468K, capacity 22745K, committed 22784K, reserved 1048576K
}
Event: 28970.026 GC heap before
{Heap before GC invocations=24 (full 8):
 PSYoungGen      total 291840K, used 13740K [0x00000007aab00000, 0x00000007c0000000, 0x00000007c0000000)
  eden space 232960K, 0% used [0x00000007aab00000,0x00000007aab00000,0x00000007b8e80000)
  from space 58880K, 23% used [0x00000007bc680000,0x00000007bd3eb3b0,0x00000007c0000000)
  to   space 57344K, 0% used [0x00000007b8e80000,0x00000007b8e80000,0x00000007bc680000)
 ParOldGen       total 699392K, used 62736K [0x0000000780000000, 0x00000007aab00000, 0x00000007aab00000)
  object space 699392K, 8% used [0x0000000780000000,0x0000000783d44020,0x00000007aab00000)
 Metaspace       used 135020K, capacity 135918K, committed 136448K, reserved 1163264K
  class space    used 22468K, capacity 22745K, committed 22784K, reserved 1048576K
Event: 28970.390 GC heap after
Heap after GC invocations=24 (full 8):
 PSYoungGen      total 291840K, used 0K [0x00000007aab00000, 0x00000007c0000000, 0x00000007c0000000)
  eden space 232960K, 0% used [0x00000007aab00000,0x00000007aab00000,0x00000007b8e80000)
  from space 58880K, 0% used [0x00000007bc680000,0x00000007bc680000,0x00000007c0000000)
  to   space 57344K, 0% used [0x00000007b8e80000,0x00000007b8e80000,0x00000007bc680000)
 ParOldGen       total 699392K, used 59211K [0x0000000780000000, 0x00000007aab00000, 0x00000007aab00000)
  object space 699392K, 8% used [0x0000000780000000,0x00000007839d2ef8,0x00000007aab00000)
 Metaspace       used 112633K, capacity 113463K, committed 126208K, reserved 1153024K
  class space    used 18918K, capacity 19147K, committed 22784K, reserved 1048576K
}
Event: 28970.520 GC heap before
{Heap before GC invocations=25 (full 8):
 PSYoungGen      total 291840K, used 4855K [0x00000007aab00000, 0x00000007c0000000, 0x00000007c0000000)
  eden space 232960K, 2% used [0x00000007aab00000,0x00000007aafbddd8,0x00000007b8e80000)
  from space 58880K, 0% used [0x00000007bc680000,0x00000007bc680000,0x00000007c0000000)
  to   space 57344K, 0% used [0x00000007b8e80000,0x00000007b8e80000,0x00000007bc680000)
 ParOldGen       total 699392K, used 59211K [0x0000000780000000, 0x00000007aab00000, 0x00000007aab00000)
  object space 699392K, 8% used [0x0000000780000000,0x00000007839d2ef8,0x00000007aab00000)
 Metaspace       used 112633K, capacity 113463K, committed 126208K, reserved 1153024K
  class space    used 18918K, capacity 19147K, committed 22784K, reserved 1048576K
Event: 28970.523 GC heap after
Heap after GC invocations=25 (full 8):
 PSYoungGen      total 290304K, used 64K [0x00000007aab00000, 0x00000007c0000000, 0x00000007c0000000)
  eden space 232960K, 0% used [0x00000007aab00000,0x00000007aab00000,0x00000007b8e80000)
  from space 57344K, 0% used [0x00000007b8e80000,0x00000007b8e90000,0x00000007bc680000)
  to   space 57856K, 0% used [0x00000007bc780000,0x00000007bc780000,0x00000007c0000000)
 ParOldGen       total 699392K, used 59211K [0x0000000780000000, 0x00000007aab00000, 0x00000007aab00000)
  object space 699392K, 8% used [0x0000000780000000,0x00000007839d2ef8,0x00000007aab00000)
 Metaspace       used 112633K, capacity 113463K, committed 126208K, reserved 1153024K
  class space    used 18918K, capacity 19147K, committed 22784K, reserved 1048576K
}
Event: 28970.523 GC heap before
{Heap before GC invocations=26 (full 9):
 PSYoungGen      total 290304K, used 64K [0x00000007aab00000, 0x00000007c0000000, 0x00000007c0000000)
  eden space 232960K, 0% used [0x00000007aab00000,0x00000007aab00000,0x00000007b8e80000)
  from space 57344K, 0% used [0x00000007b8e80000,0x00000007b8e90000,0x00000007bc680000)
  to   space 57856K, 0% used [0x00000007bc780000,0x00000007bc780000,0x00000007c0000000)
 ParOldGen       total 699392K, used 59211K [0x0000000780000000, 0x00000007aab00000, 0x00000007aab00000)
  object space 699392K, 8% used [0x0000000780000000,0x00000007839d2ef8,0x00000007aab00000)
 Metaspace       used 112633K, capacity 113463K, committed 126208K, reserved 1153024K
  class space    used 18918K, capacity 19147K, committed 22784K, reserved 1048576K
Event: 28970.816 GC heap after
Heap after GC invocations=26 (full 9):
 PSYoungGen      total 290304K, used 0K [0x00000007aab00000, 0x00000007c0000000, 0x00000007c0000000)
  eden space 232960K, 0% used [0x00000007aab00000,0x00000007aab00000,0x00000007b8e80000)
  from space 57344K, 0% used [0x00000007b8e80000,0x00000007b8e80000,0x00000007bc680000)
  to   space 57856K, 0% used [0x00000007bc780000,0x00000007bc780000,0x00000007c0000000)
 ParOldGen       total 699392K, used 49802K [0x0000000780000000, 0x00000007aab00000, 0x00000007aab00000)
  object space 699392K, 7% used [0x0000000780000000,0x00000007830a2af0,0x00000007aab00000)
 Metaspace       used 111809K, capacity 112595K, committed 126208K, reserved 1153024K
  class space    used 18620K, capacity 18823K, committed 22784K, reserved 1048576K
}

Deoptimization events (10 events):
Event: 28971.135 Thread 0x00007f8f237b3800 Uncommon trap: reason=class_check action=maybe_recompile pc=0x000000010603a094 method=sbinary.JavaOutput.writeAll([BII)V @ 7
Event: 28971.135 Thread 0x00007f8f237b3800 Uncommon trap: reason=class_check action=maybe_recompile pc=0x000000010603a094 method=sbinary.JavaOutput.writeAll([BII)V @ 7
Event: 28971.135 Thread 0x00007f8f237b3800 Uncommon trap: reason=class_check action=maybe_recompile pc=0x000000010603a094 method=sbinary.JavaOutput.writeAll([BII)V @ 7
Event: 28971.135 Thread 0x00007f8f237b3800 Uncommon trap: reason=class_check action=maybe_recompile pc=0x000000010603a094 method=sbinary.JavaOutput.writeAll([BII)V @ 7
Event: 28971.136 Thread 0x00007f8f237b3800 Uncommon trap: reason=class_check action=maybe_recompile pc=0x0000000107cf92fc method=sbinary.JavaOutput.writeAll([BII)V @ 7
Event: 28971.310 Thread 0x00007f8f1b078800 Uncommon trap: reason=unstable_if action=reinterpret pc=0x0000000106b91468 method=java.net.URLClassLoader.definePackageInternal(Ljava/lang/String;Ljava/util/jar/Manifest;Ljava/net/URL;)V @ 11
Event: 28971.370 Thread 0x00007f8f1b078800 Uncommon trap: reason=class_check action=maybe_recompile pc=0x00000001059c3cf0 method=sun.misc.URLClassPath.findResource(Ljava/lang/String;Z)Ljava/net/URL; @ 26
Event: 28971.373 Thread 0x00007f8f1b078800 Uncommon trap: reason=class_check action=maybe_recompile pc=0x00000001059c3cf0 method=sun.misc.URLClassPath.findResource(Ljava/lang/String;Z)Ljava/net/URL; @ 26
Event: 28971.375 Thread 0x00007f8f1b078800 Uncommon trap: reason=class_check action=maybe_recompile pc=0x00000001059c3cf0 method=sun.misc.URLClassPath.findResource(Ljava/lang/String;Z)Ljava/net/URL; @ 26
Event: 28971.378 Thread 0x00007f8f1b078800 Uncommon trap: reason=class_check action=maybe_recompile pc=0x00000001059c3cf0 method=sun.misc.URLClassPath.findResource(Ljava/lang/String;Z)Ljava/net/URL; @ 26

Internal exceptions (10 events):
Event: 28971.165 Thread 0x00007f8f1b078800 Exception <a 'java/lang/ArrayIndexOutOfBoundsException': 1> (0x00000007ad424750) thrown at [/Users/java_re/workspace/8-2-build-macosx-x86_64/jdk8u45/3457/hotspot/src/share/vm/interpreter/interpreterRuntime.cpp, line 366]
Event: 28971.166 Thread 0x00007f8f1b078800 Exception <a 'java/lang/ArrayIndexOutOfBoundsException': 1> (0x00000007ad4292e8) thrown at [/Users/java_re/workspace/8-2-build-macosx-x86_64/jdk8u45/3457/hotspot/src/share/vm/interpreter/interpreterRuntime.cpp, line 366]
Event: 28971.167 Thread 0x00007f8f1b078800 Exception <a 'java/lang/ArrayIndexOutOfBoundsException': 1> (0x00000007ad42b6a8) thrown at [/Users/java_re/workspace/8-2-build-macosx-x86_64/jdk8u45/3457/hotspot/src/share/vm/interpreter/interpreterRuntime.cpp, line 366]
Event: 28971.168 Thread 0x00007f8f1b078800 Exception <a 'java/lang/ArrayIndexOutOfBoundsException': 1> (0x00000007ad434440) thrown at [/Users/java_re/workspace/8-2-build-macosx-x86_64/jdk8u45/3457/hotspot/src/share/vm/interpreter/interpreterRuntime.cpp, line 366]
Event: 28971.168 Thread 0x00007f8f1b078800 Exception <a 'java/lang/ArrayIndexOutOfBoundsException': 1> (0x00000007ad438410) thrown at [/Users/java_re/workspace/8-2-build-macosx-x86_64/jdk8u45/3457/hotspot/src/share/vm/interpreter/interpreterRuntime.cpp, line 366]
Event: 28971.169 Thread 0x00007f8f1b078800 Exception <a 'java/lang/ArrayIndexOutOfBoundsException': 1> (0x00000007ad43c3d8) thrown at [/Users/java_re/workspace/8-2-build-macosx-x86_64/jdk8u45/3457/hotspot/src/share/vm/interpreter/interpreterRuntime.cpp, line 366]
Event: 28971.169 Thread 0x00007f8f1b078800 Exception <a 'java/lang/ArrayIndexOutOfBoundsException': 1> (0x00000007ad440830) thrown at [/Users/java_re/workspace/8-2-build-macosx-x86_64/jdk8u45/3457/hotspot/src/share/vm/interpreter/interpreterRuntime.cpp, line 366]
Event: 28971.170 Thread 0x00007f8f1b078800 Exception <a 'java/lang/ArrayIndexOutOfBoundsException': 1> (0x00000007ad443e78) thrown at [/Users/java_re/workspace/8-2-build-macosx-x86_64/jdk8u45/3457/hotspot/src/share/vm/interpreter/interpreterRuntime.cpp, line 366]
Event: 28971.171 Thread 0x00007f8f1b078800 Exception <a 'java/lang/ArrayIndexOutOfBoundsException': 1> (0x00000007ad447c68) thrown at [/Users/java_re/workspace/8-2-build-macosx-x86_64/jdk8u45/3457/hotspot/src/share/vm/interpreter/interpreterRuntime.cpp, line 366]
Event: 28971.171 Thread 0x00007f8f1b078800 Exception <a 'java/lang/ArrayIndexOutOfBoundsException': 1> (0x00000007ad44b958) thrown at [/Users/java_re/workspace/8-2-build-macosx-x86_64/jdk8u45/3457/hotspot/src/share/vm/interpreter/interpreterRuntime.cpp, line 366]

Events (10 events):
Event: 28971.412 Thread 0x00007f8f1b078800 DEOPT PACKING pc=0x000000010672fc44 sp=0x0000700001702430
Event: 28971.412 Thread 0x00007f8f1b078800 DEOPT UNPACKING pc=0x0000000105847633 sp=0x0000700001702170 mode 1
Event: 28971.412 Thread 0x00007f8f1b078800 DEOPT PACKING pc=0x000000010672fb3c sp=0x00007000017024c0
Event: 28971.412 Thread 0x00007f8f1b078800 DEOPT UNPACKING pc=0x0000000105847633 sp=0x0000700001702200 mode 1
Event: 28971.412 Thread 0x00007f8f1b078800 DEOPT PACKING pc=0x000000010672fb3c sp=0x0000700001702550
Event: 28971.412 Thread 0x00007f8f1b078800 DEOPT UNPACKING pc=0x0000000105847633 sp=0x0000700001702290 mode 1
Event: 28971.412 Thread 0x00007f8f1b078800 DEOPT PACKING pc=0x00000001059722bc sp=0x00007000017025e0
Event: 28971.412 Thread 0x00007f8f1b078800 DEOPT UNPACKING pc=0x0000000105847633 sp=0x0000700001702328 mode 1
Event: 28971.412 Thread 0x00007f8f1b078800 DEOPT PACKING pc=0x000000010672fb3c sp=0x0000700001702630
Event: 28971.412 Thread 0x00007f8f1b078800 DEOPT UNPACKING pc=0x0000000105847633 sp=0x0000700001702370 mode 1


Dynamic libraries:
0x0000000008ff3000 	/System/Library/Frameworks/Cocoa.framework/Versions/A/Cocoa
0x0000000008ff3000 	/System/Library/Frameworks/Security.framework/Versions/A/Security
0x0000000008ff3000 	/System/Library/Frameworks/ApplicationServices.framework/Versions/A/ApplicationServices
0x0000000008ff3000 	/usr/lib/libz.1.dylib
0x0000000008ff3000 	/usr/lib/libSystem.B.dylib
0x0000000008ff3000 	/usr/lib/libobjc.A.dylib
0x0000000008ff3000 	/System/Library/Frameworks/CoreFoundation.framework/Versions/A/CoreFoundation
0x0000000008ff3000 	/System/Library/Frameworks/Foundation.framework/Versions/C/Foundation
0x0000000008ff3000 	/System/Library/Frameworks/AppKit.framework/Versions/C/AppKit
0x0000000008ff3000 	/System/Library/Frameworks/CoreData.framework/Versions/A/CoreData
0x0000000008ff3000 	/System/Library/PrivateFrameworks/RemoteViewServices.framework/Versions/A/RemoteViewServices
0x0000000008ff3000 	/System/Library/PrivateFrameworks/UIFoundation.framework/Versions/A/UIFoundation
0x0000000008ff3000 	/usr/lib/libScreenReader.dylib
0x0000000008ff3000 	/System/Library/Frameworks/Accelerate.framework/Versions/A/Accelerate
0x0000000008ff3000 	/System/Library/Frameworks/IOSurface.framework/Versions/A/IOSurface
0x0000000008ff3000 	/System/Library/Frameworks/AudioToolbox.framework/Versions/A/AudioToolbox
0x0000000008ff3000 	/System/Library/Frameworks/AudioUnit.framework/Versions/A/AudioUnit
0x0000000008ff3000 	/System/Library/PrivateFrameworks/DataDetectorsCore.framework/Versions/A/DataDetectorsCore
0x0000000008ff3000 	/System/Library/PrivateFrameworks/DesktopServicesPriv.framework/Versions/A/DesktopServicesPriv
0x0000000008ff3000 	/System/Library/Frameworks/Carbon.framework/Versions/A/Frameworks/HIToolbox.framework/Versions/A/HIToolbox
0x0000000008ff3000 	/System/Library/Frameworks/QuartzCore.framework/Versions/A/QuartzCore
0x0000000008ff3000 	/System/Library/Frameworks/Carbon.framework/Versions/A/Frameworks/SpeechRecognition.framework/Versions/A/SpeechRecognition
0x0000000008ff3000 	/usr/lib/libauto.dylib
0x0000000008ff3000 	/usr/lib/libicucore.A.dylib
0x0000000008ff3000 	/usr/lib/libxml2.2.dylib
0x0000000008ff3000 	/System/Library/PrivateFrameworks/CoreUI.framework/Versions/A/CoreUI
0x0000000008ff3000 	/System/Library/Frameworks/CoreAudio.framework/Versions/A/CoreAudio
0x0000000008ff3000 	/System/Library/Frameworks/DiskArbitration.framework/Versions/A/DiskArbitration
0x0000000008ff3000 	/usr/lib/liblangid.dylib
0x0000000008ff3000 	/System/Library/PrivateFrameworks/MultitouchSupport.framework/Versions/A/MultitouchSupport
0x0000000008ff3000 	/System/Library/Frameworks/IOKit.framework/Versions/A/IOKit
0x0000000008ff3000 	/usr/lib/libDiagnosticMessagesClient.dylib
0x0000000008ff3000 	/System/Library/Frameworks/CoreServices.framework/Versions/A/CoreServices
0x0000000008ff3000 	/System/Library/PrivateFrameworks/PerformanceAnalysis.framework/Versions/A/PerformanceAnalysis
0x0000000008ff3000 	/System/Library/PrivateFrameworks/GenerationalStorage.framework/Versions/A/GenerationalStorage
0x0000000008ff3000 	/System/Library/Frameworks/OpenGL.framework/Versions/A/OpenGL
0x0000000008ff3000 	/System/Library/PrivateFrameworks/Sharing.framework/Versions/A/Sharing
0x0000000008ff3000 	/System/Library/Frameworks/CoreGraphics.framework/Versions/A/CoreGraphics
0x0000000008ff3000 	/System/Library/Frameworks/CoreImage.framework/Versions/A/CoreImage
0x0000000008ff3000 	/System/Library/Frameworks/CoreText.framework/Versions/A/CoreText
0x0000000008ff3000 	/System/Library/Frameworks/ImageIO.framework/Versions/A/ImageIO
0x0000000008ff3000 	/System/Library/PrivateFrameworks/Backup.framework/Versions/A/Backup
0x0000000008ff3000 	/usr/lib/libextension.dylib
0x0000000008ff3000 	/usr/lib/libarchive.2.dylib
0x0000000008ff3000 	/System/Library/Frameworks/CFNetwork.framework/Versions/A/CFNetwork
0x0000000008ff3000 	/System/Library/Frameworks/SystemConfiguration.framework/Versions/A/SystemConfiguration
0x0000000008ff3000 	/usr/lib/libCRFSuite.dylib
0x0000000008ff3000 	/usr/lib/libc++.1.dylib
0x0000000008ff3000 	/usr/lib/libc++abi.dylib
0x0000000008ff3000 	/usr/lib/system/libcache.dylib
0x0000000008ff3000 	/usr/lib/system/libcommonCrypto.dylib
0x0000000008ff3000 	/usr/lib/system/libcompiler_rt.dylib
0x0000000008ff3000 	/usr/lib/system/libcopyfile.dylib
0x0000000008ff3000 	/usr/lib/system/libcorecrypto.dylib
0x0000000008ff3000 	/usr/lib/system/libdispatch.dylib
0x0000000008ff3000 	/usr/lib/system/libdyld.dylib
0x0000000008ff3000 	/usr/lib/system/libkeymgr.dylib
0x0000000008ff3000 	/usr/lib/system/liblaunch.dylib
0x0000000008ff3000 	/usr/lib/system/libmacho.dylib
0x0000000008ff3000 	/usr/lib/system/libquarantine.dylib
0x0000000008ff3000 	/usr/lib/system/libremovefile.dylib
0x0000000008ff3000 	/usr/lib/system/libsystem_asl.dylib
0x0000000008ff3000 	/usr/lib/system/libsystem_blocks.dylib
0x0000000008ff3000 	/usr/lib/system/libsystem_c.dylib
0x0000000008ff3000 	/usr/lib/system/libsystem_configuration.dylib
0x0000000008ff3000 	/usr/lib/system/libsystem_coreservices.dylib
0x0000000008ff3000 	/usr/lib/system/libsystem_coretls.dylib
0x0000000008ff3000 	/usr/lib/system/libsystem_dnssd.dylib
0x0000000008ff3000 	/usr/lib/system/libsystem_info.dylib
0x0000000008ff3000 	/usr/lib/system/libsystem_kernel.dylib
0x0000000008ff3000 	/usr/lib/system/libsystem_m.dylib
0x0000000008ff3000 	/usr/lib/system/libsystem_malloc.dylib
0x0000000008ff3000 	/usr/lib/system/libsystem_network.dylib
0x0000000008ff3000 	/usr/lib/system/libsystem_networkextension.dylib
0x0000000008ff3000 	/usr/lib/system/libsystem_notify.dylib
0x0000000008ff3000 	/usr/lib/system/libsystem_platform.dylib
0x0000000008ff3000 	/usr/lib/system/libsystem_pthread.dylib
0x0000000008ff3000 	/usr/lib/system/libsystem_sandbox.dylib
0x0000000008ff3000 	/usr/lib/system/libsystem_secinit.dylib
0x0000000008ff3000 	/usr/lib/system/libsystem_trace.dylib
0x0000000008ff3000 	/usr/lib/system/libunc.dylib
0x0000000008ff3000 	/usr/lib/system/libunwind.dylib
0x0000000008ff3000 	/usr/lib/system/libxpc.dylib
0x0000000008ff3000 	/usr/lib/libenergytrace.dylib
0x0000000008ff3000 	/usr/lib/libbsm.0.dylib
0x0000000008ff3000 	/usr/lib/system/libkxld.dylib
0x0000000008ff3000 	/usr/lib/libxar.1.dylib
0x0000000008ff3000 	/usr/lib/libsqlite3.dylib
0x0000000008ff3000 	/usr/lib/libpam.2.dylib
0x0000000008ff3000 	/usr/lib/libOpenScriptingUtil.dylib
0x0000000008ff3000 	/usr/lib/libbz2.1.0.dylib
0x0000000008ff3000 	/usr/lib/liblzma.5.dylib
0x0000000008ff3000 	/System/Library/Frameworks/CoreServices.framework/Versions/A/Frameworks/FSEvents.framework/Versions/A/FSEvents
0x0000000008ff3000 	/System/Library/Frameworks/CoreServices.framework/Versions/A/Frameworks/CarbonCore.framework/Versions/A/CarbonCore
0x0000000008ff3000 	/System/Library/Frameworks/CoreServices.framework/Versions/A/Frameworks/Metadata.framework/Versions/A/Metadata
0x0000000008ff3000 	/System/Library/Frameworks/CoreServices.framework/Versions/A/Frameworks/OSServices.framework/Versions/A/OSServices
0x0000000008ff3000 	/System/Library/Frameworks/CoreServices.framework/Versions/A/Frameworks/SearchKit.framework/Versions/A/SearchKit
0x0000000008ff3000 	/System/Library/Frameworks/CoreServices.framework/Versions/A/Frameworks/AE.framework/Versions/A/AE
0x0000000008ff3000 	/System/Library/Frameworks/CoreServices.framework/Versions/A/Frameworks/LaunchServices.framework/Versions/A/LaunchServices
0x0000000008ff3000 	/System/Library/Frameworks/CoreServices.framework/Versions/A/Frameworks/DictionaryServices.framework/Versions/A/DictionaryServices
0x0000000008ff3000 	/System/Library/Frameworks/CoreServices.framework/Versions/A/Frameworks/SharedFileList.framework/Versions/A/SharedFileList
0x0000000008ff3000 	/System/Library/Frameworks/NetFS.framework/Versions/A/NetFS
0x0000000008ff3000 	/System/Library/PrivateFrameworks/NetAuth.framework/Versions/A/NetAuth
0x0000000008ff3000 	/System/Library/PrivateFrameworks/login.framework/Versions/A/Frameworks/loginsupport.framework/Versions/A/loginsupport
0x0000000008ff3000 	/System/Library/PrivateFrameworks/TCC.framework/Versions/A/TCC
0x0000000008ff3000 	/usr/lib/libmecabra.dylib
0x0000000008ff3000 	/System/Library/Frameworks/ApplicationServices.framework/Versions/A/Frameworks/ATS.framework/Versions/A/ATS
0x0000000008ff3000 	/System/Library/Frameworks/ApplicationServices.framework/Versions/A/Frameworks/ColorSync.framework/Versions/A/ColorSync
0x0000000008ff3000 	/System/Library/Frameworks/ApplicationServices.framework/Versions/A/Frameworks/HIServices.framework/Versions/A/HIServices
0x0000000008ff3000 	/System/Library/Frameworks/ApplicationServices.framework/Versions/A/Frameworks/LangAnalysis.framework/Versions/A/LangAnalysis
0x0000000008ff3000 	/System/Library/Frameworks/ApplicationServices.framework/Versions/A/Frameworks/PrintCore.framework/Versions/A/PrintCore
0x0000000008ff3000 	/System/Library/Frameworks/ApplicationServices.framework/Versions/A/Frameworks/QD.framework/Versions/A/QD
0x0000000008ff3000 	/System/Library/Frameworks/ApplicationServices.framework/Versions/A/Frameworks/SpeechSynthesis.framework/Versions/A/SpeechSynthesis
0x0000000008ff3000 	/System/Library/Frameworks/Metal.framework/Versions/A/Metal
0x0000000008ff3000 	/System/Library/Frameworks/Accelerate.framework/Versions/A/Frameworks/vImage.framework/Versions/A/vImage
0x0000000008ff3000 	/System/Library/Frameworks/Accelerate.framework/Versions/A/Frameworks/vecLib.framework/Versions/A/vecLib
0x0000000008ff3000 	/System/Library/Frameworks/Accelerate.framework/Versions/A/Frameworks/vecLib.framework/Versions/A/libvDSP.dylib
0x0000000008ff3000 	/System/Library/Frameworks/Accelerate.framework/Versions/A/Frameworks/vecLib.framework/Versions/A/libvMisc.dylib
0x0000000008ff3000 	/System/Library/Frameworks/Accelerate.framework/Versions/A/Frameworks/vecLib.framework/Versions/A/libLAPACK.dylib
0x0000000008ff3000 	/System/Library/Frameworks/Accelerate.framework/Versions/A/Frameworks/vecLib.framework/Versions/A/libBLAS.dylib
0x0000000008ff3000 	/System/Library/Frameworks/Accelerate.framework/Versions/A/Frameworks/vecLib.framework/Versions/A/libLinearAlgebra.dylib
0x0000000008ff3000 	/System/Library/Frameworks/Accelerate.framework/Versions/A/Frameworks/vecLib.framework/Versions/A/libSparseBLAS.dylib
0x0000000008ff3000 	/System/Library/PrivateFrameworks/GPUCompiler.framework/libmetal_timestamp.dylib
0x0000000008ff3000 	/System/Library/Frameworks/OpenGL.framework/Versions/A/Libraries/libCoreFSCache.dylib
0x0000000008ff3000 	/System/Library/PrivateFrameworks/IOAccelerator.framework/Versions/A/IOAccelerator
0x0000000008ff3000 	/System/Library/Frameworks/ApplicationServices.framework/Versions/A/Frameworks/ATS.framework/Versions/A/Resources/libFontParser.dylib
0x0000000008ff3000 	/System/Library/Frameworks/ApplicationServices.framework/Versions/A/Frameworks/ATS.framework/Versions/A/Resources/libFontRegistry.dylib
0x0000000008ff3000 	/System/Library/PrivateFrameworks/AppleVPA.framework/Versions/A/AppleVPA
0x0000000008ff3000 	/System/Library/PrivateFrameworks/AppleJPEG.framework/Versions/A/AppleJPEG
0x0000000008ff3000 	/System/Library/Frameworks/ImageIO.framework/Versions/A/Resources/libJPEG.dylib
0x0000000008ff3000 	/System/Library/Frameworks/ImageIO.framework/Versions/A/Resources/libTIFF.dylib
0x0000000008ff3000 	/System/Library/Frameworks/ImageIO.framework/Versions/A/Resources/libPng.dylib
0x0000000008ff3000 	/System/Library/Frameworks/ImageIO.framework/Versions/A/Resources/libGIF.dylib
0x0000000008ff3000 	/System/Library/Frameworks/ImageIO.framework/Versions/A/Resources/libJP2.dylib
0x0000000008ff3000 	/System/Library/Frameworks/ImageIO.framework/Versions/A/Resources/libRadiance.dylib
0x0000000008ff3000 	/System/Library/Frameworks/CoreVideo.framework/Versions/A/CoreVideo
0x0000000008ff3000 	/System/Library/Frameworks/OpenGL.framework/Versions/A/Libraries/libGLU.dylib
0x0000000008ff3000 	/System/Library/Frameworks/OpenGL.framework/Versions/A/Libraries/libGFXShared.dylib
0x0000000008ff3000 	/System/Library/Frameworks/OpenGL.framework/Versions/A/Libraries/libGL.dylib
0x0000000008ff3000 	/System/Library/Frameworks/OpenGL.framework/Versions/A/Libraries/libGLImage.dylib
0x0000000008ff3000 	/System/Library/Frameworks/OpenGL.framework/Versions/A/Libraries/libCVMSPluginSupport.dylib
0x0000000008ff3000 	/System/Library/Frameworks/OpenGL.framework/Versions/A/Libraries/libCoreVMClient.dylib
0x0000000008ff3000 	/usr/lib/libcups.2.dylib
0x0000000008ff3000 	/System/Library/Frameworks/Kerberos.framework/Versions/A/Kerberos
0x0000000008ff3000 	/System/Library/Frameworks/GSS.framework/Versions/A/GSS
0x0000000008ff3000 	/usr/lib/libresolv.9.dylib
0x0000000008ff3000 	/usr/lib/libiconv.2.dylib
0x0000000008ff3000 	/System/Library/PrivateFrameworks/Heimdal.framework/Versions/A/Heimdal
0x0000000008ff3000 	/usr/lib/libheimdal-asn1.dylib
0x0000000008ff3000 	/System/Library/Frameworks/OpenDirectory.framework/Versions/A/OpenDirectory
0x0000000008ff3000 	/System/Library/PrivateFrameworks/CommonAuth.framework/Versions/A/CommonAuth
0x0000000008ff3000 	/System/Library/Frameworks/OpenDirectory.framework/Versions/A/Frameworks/CFOpenDirectory.framework/Versions/A/CFOpenDirectory
0x0000000008ff3000 	/System/Library/Frameworks/SecurityFoundation.framework/Versions/A/SecurityFoundation
0x0000000008ff3000 	/System/Library/PrivateFrameworks/LanguageModeling.framework/Versions/A/LanguageModeling
0x0000000008ff3000 	/usr/lib/libmarisa.dylib
0x0000000008ff3000 	/usr/lib/libChineseTokenizer.dylib
0x0000000008ff3000 	/usr/lib/libcmph.dylib
0x0000000008ff3000 	/usr/lib/libcompression.dylib
0x0000000008ff3000 	/System/Library/Frameworks/ServiceManagement.framework/Versions/A/ServiceManagement
0x0000000008ff3000 	/usr/lib/libxslt.1.dylib
0x0000000008ff3000 	/System/Library/Frameworks/Carbon.framework/Versions/A/Frameworks/Ink.framework/Versions/A/Ink
0x0000000008ff3000 	/usr/lib/libFosl_dynamic.dylib
0x0000000008ff3000 	/System/Library/PrivateFrameworks/FaceCore.framework/Versions/A/FaceCore
0x0000000008ff3000 	/System/Library/Frameworks/OpenCL.framework/Versions/A/OpenCL
0x0000000008ff3000 	/System/Library/PrivateFrameworks/CrashReporterSupport.framework/Versions/A/CrashReporterSupport
0x0000000008ff3000 	/System/Library/PrivateFrameworks/IconServices.framework/Versions/A/IconServices
0x0000000008ff3000 	/System/Library/PrivateFrameworks/Apple80211.framework/Versions/A/Apple80211
0x0000000008ff3000 	/System/Library/Frameworks/CoreWLAN.framework/Versions/A/CoreWLAN
0x0000000008ff3000 	/System/Library/Frameworks/IOBluetooth.framework/Versions/A/IOBluetooth
0x0000000008ff3000 	/System/Library/PrivateFrameworks/CoreWiFi.framework/Versions/A/CoreWiFi
0x0000000008ff3000 	/System/Library/Frameworks/CoreBluetooth.framework/Versions/A/CoreBluetooth
0x0000000008ff3000 	/System/Library/PrivateFrameworks/ChunkingLibrary.framework/Versions/A/ChunkingLibrary
0x0000000008ff3000 	/System/Library/PrivateFrameworks/DebugSymbols.framework/Versions/A/DebugSymbols
0x0000000008ff3000 	/System/Library/PrivateFrameworks/CoreSymbolication.framework/Versions/A/CoreSymbolication
0x0000000008ff3000 	/System/Library/PrivateFrameworks/Symbolication.framework/Versions/A/Symbolication
0x0000000008ff3000 	/System/Library/PrivateFrameworks/SpeechRecognitionCore.framework/Versions/A/SpeechRecognitionCore
0x00000000495ce000 	/System/Library/CoreServices/Encodings/libJapaneseConverter.dylib
0x0000000103f52000 	/Library/Java/JavaVirtualMachines/jdk1.8.0_45.jdk/Contents/Home/jre/lib/server/libjvm.dylib
0x0000000008ff3000 	/usr/lib/libstdc++.6.dylib
0x0000000104ebb000 	/Library/Java/JavaVirtualMachines/jdk1.8.0_45.jdk/Contents/Home/jre/lib/libverify.dylib
0x0000000104ec9000 	/Library/Java/JavaVirtualMachines/jdk1.8.0_45.jdk/Contents/Home/jre/lib/libjava.dylib
0x0000000104f03000 	/Library/Java/JavaVirtualMachines/jdk1.8.0_45.jdk/Contents/Home/jre/lib/libjdwp.dylib
0x0000000104f4e000 	/Library/Java/JavaVirtualMachines/jdk1.8.0_45.jdk/Contents/Home/jre/lib/libnpt.dylib
0x0000000104f5b000 	/Library/Java/JavaVirtualMachines/jdk1.8.0_45.jdk/Contents/Home/jre/lib/libzip.dylib
0x0000000111982000 	/System/Library/Frameworks/JavaVM.framework/Frameworks/JavaRuntimeSupport.framework/JavaRuntimeSupport
0x000000011199d000 	/System/Library/Frameworks/JavaVM.framework/Versions/A/Frameworks/JavaNativeFoundation.framework/Versions/A/JavaNativeFoundation
0x0000000104ff3000 	/System/Library/Frameworks/JavaVM.framework/Versions/A/JavaVM
0x0000000008ff3000 	/System/Library/Frameworks/Carbon.framework/Versions/A/Carbon
0x00000001119b2000 	/System/Library/PrivateFrameworks/JavaLaunching.framework/Versions/A/JavaLaunching
0x0000000008ff3000 	/System/Library/Frameworks/Carbon.framework/Versions/A/Frameworks/CommonPanels.framework/Versions/A/CommonPanels
0x0000000008ff3000 	/System/Library/Frameworks/Carbon.framework/Versions/A/Frameworks/Help.framework/Versions/A/Help
0x0000000008ff3000 	/System/Library/Frameworks/Carbon.framework/Versions/A/Frameworks/ImageCapture.framework/Versions/A/ImageCapture
0x0000000008ff3000 	/System/Library/Frameworks/Carbon.framework/Versions/A/Frameworks/OpenScripting.framework/Versions/A/OpenScripting
0x0000000008ff3000 	/System/Library/Frameworks/Carbon.framework/Versions/A/Frameworks/Print.framework/Versions/A/Print
0x0000000008ff3000 	/System/Library/Frameworks/Carbon.framework/Versions/A/Frameworks/SecurityHI.framework/Versions/A/SecurityHI
0x00000001132da000 	/Library/Java/JavaVirtualMachines/jdk1.8.0_45.jdk/Contents/Home/jre/lib/libdt_socket.dylib
0x00000001132fd000 	/Library/Java/JavaVirtualMachines/jdk1.8.0_45.jdk/Contents/Home/jre/lib/libnet.dylib
0x000000011335c000 	/Library/Java/JavaVirtualMachines/jdk1.8.0_45.jdk/Contents/Home/jre/lib/libnio.dylib
0x00000001153a0000 	/Library/Java/JavaVirtualMachines/jdk1.8.0_45.jdk/Contents/Home/jre/lib/libmanagement.dylib
0x00000001153ad000 	/Users/nishiyama/git/zipkin-sample/zipkin-web-sample/target/native_libraries/64bits/libjnotify.jnilib
0x0000000114f8d000 	/Library/Java/JavaVirtualMachines/jdk1.8.0_45.jdk/Contents/Home/jre/lib/libsunec.dylib

VM Arguments:
jvm_args: -Xms1024m -Xmx1024m -XX:ReservedCodeCacheSize=128m -XX:MaxMetaspaceSize=256m -agentlib:jdwp=transport=dt_socket,server=y,suspend=n,address=5005 
java_command: /usr/local/Cellar/sbt/0.13.13/libexec/sbt-launch.jar run
java_class_path (initial): /usr/local/Cellar/sbt/0.13.13/libexec/sbt-launch.jar
Launcher Type: SUN_STANDARD

Environment Variables:
PATH=/Users/nishiyama/.pythonz/bin:/usr/local/bin:/usr/bin:/bin:/usr/sbin:/sbin
SHELL=/usr/local/bin/zsh

Signal Handlers:
SIGSEGV: [libjvm.dylib+0x58ef95], sa_mask[0]=11111111011111110111111111111111, sa_flags=SA_ONSTACK|SA_RESTART|SA_SIGINFO
SIGBUS: [libjvm.dylib+0x58ef95], sa_mask[0]=11111111011111110111111111111111, sa_flags=SA_RESTART|SA_SIGINFO
SIGFPE: [libjvm.dylib+0x46c108], sa_mask[0]=11111111011111110111111111111111, sa_flags=SA_RESTART|SA_SIGINFO
SIGPIPE: [libjvm.dylib+0x46c108], sa_mask[0]=11111111011111110111111111111111, sa_flags=SA_RESTART|SA_SIGINFO
SIGXFSZ: [libjvm.dylib+0x46c108], sa_mask[0]=11111111011111110111111111111111, sa_flags=SA_RESTART|SA_SIGINFO
SIGILL: [libjvm.dylib+0x46c108], sa_mask[0]=11111111011111110111111111111111, sa_flags=SA_RESTART|SA_SIGINFO
SIGUSR1: SIG_DFL, sa_mask[0]=00000000000000000000000000000000, sa_flags=SA_RESTART
SIGUSR2: [libjvm.dylib+0x46bc26], sa_mask[0]=00000000000000000000000000000000, sa_flags=SA_RESTART|SA_SIGINFO
SIGHUP: [libjvm.dylib+0x46a1f9], sa_mask[0]=11111111011111110111111111111111, sa_flags=SA_RESTART|SA_SIGINFO
SIGINT: [libjvm.dylib+0x46a1f9], sa_mask[0]=11111111011111110111111111111111, sa_flags=SA_RESTART|SA_SIGINFO
SIGTERM: [libjvm.dylib+0x46a1f9], sa_mask[0]=11111111011111110111111111111111, sa_flags=SA_RESTART|SA_SIGINFO
SIGQUIT: [libjvm.dylib+0x46a1f9], sa_mask[0]=11111111011111110111111111111111, sa_flags=SA_RESTART|SA_SIGINFO


---------------  S Y S T E M  ---------------

OS:Bsduname:Darwin 15.4.0 Darwin Kernel Version 15.4.0: Fri Feb 26 22:08:05 PST 2016; root:xnu-3248.40.184~3/RELEASE_X86_64 x86_64
rlimit: STACK 8192k, CORE 0k, NPROC 709, NOFILE 10240, AS infinity
load average:27.83 8.81 4.93

CPU:total 4 (2 cores per cpu, 2 threads per core) family 6 model 61 stepping 4, cmov, cx8, fxsr, mmx, sse, sse2, sse3, ssse3, sse4.1, sse4.2, popcnt, avx, avx2, aes, clmul, erms, 3dnowpref, lzcnt, ht, tsc, tscinvbit, bmi1, bmi2, adx

Memory: 4k page, physical 16777216k(400020k free)

/proc/meminfo:


vm_info: Java HotSpot(TM) 64-Bit Server VM (25.45-b02) for bsd-amd64 JRE (1.8.0_45-b14), built on Apr 10 2015 10:46:38 by "java_re" with gcc 4.2.1 (Based on Apple Inc. build 5658) (LLVM build 2336.11.00)

time: Mon Dec 19 18:12:26 2016
elapsed time: 28971 seconds (0d 8h 2m 51s)

